{
  "stats": {
    "suites": 13,
    "tests": 29,
    "passes": 29,
    "pending": 0,
    "failures": 0,
    "testsRegistered": 29,
    "passPercent": 100,
    "pendingPercent": 0,
    "other": 0,
    "hasOther": false,
    "skipped": 0,
    "hasSkipped": false,
    "start": "2023-10-26T21:21:33.260Z",
    "end": "2023-11-11T01:00:47.926Z",
    "duration": 1309154666
  },
  "results": [
    {
      "uuid": "f592831d-6e73-4076-899a-678ca83c85ef",
      "title": "",
      "fullFile": "cypress/e2e/checkout.spec.cy.js",
      "file": "cypress/e2e/checkout.spec.cy.js",
      "beforeHooks": [],
      "afterHooks": [],
      "tests": [],
      "suites": [
        {
          "uuid": "8460137f-140b-4b72-816e-bc80751e43f7",
          "title": "fluxo de checkout",
          "fullFile": "",
          "file": "",
          "beforeHooks": [],
          "afterHooks": [],
          "tests": [
            {
              "title": "deve adicionar produtos no carrinho e finalizar uma compra",
              "fullTitle": "fluxo de checkout deve adicionar produtos no carrinho e finalizar uma compra",
              "timedOut": null,
              "duration": 20626,
              "state": "passed",
              "speed": "slow",
              "pass": true,
              "fail": false,
              "pending": false,
              "context": null,
              "code": "cy.AddProduto(produtos.tamanho, produtos.cor, produtos.quantidade, produtos.id, produtos.varid);\ncy.get('.dropdown-toggle > .mini-cart-items', {\n  timeout: 1000000\n}).should('contain', 2);\ncy.cadastroFaturamentoCheckout(dados[1].cep, dados[1].telefone);\ncy.get('.woocommerce-notice').should('contain', 'Obrigado. Seu pedido foi recebido.');",
              "err": {},
              "uuid": "f28b2613-d9a2-43fd-a8bc-d5cce090ec59",
              "parentUUID": "8460137f-140b-4b72-816e-bc80751e43f7",
              "isHook": false,
              "skipped": false
            }
          ],
          "suites": [],
          "passes": [
            "f28b2613-d9a2-43fd-a8bc-d5cce090ec59"
          ],
          "failures": [],
          "pending": [],
          "skipped": [],
          "duration": 20626,
          "root": false,
          "rootEmpty": false,
          "_timeout": 2000
        }
      ],
      "passes": [],
      "failures": [],
      "pending": [],
      "skipped": [],
      "duration": 0,
      "root": true,
      "rootEmpty": true,
      "_timeout": 2000
    },
    {
      "uuid": "5e78e008-d0dd-44b7-9b09-6c3e0580506a",
      "title": "",
      "fullFile": "cypress/e2e/checkout.spec.cy.js",
      "file": "cypress/e2e/checkout.spec.cy.js",
      "beforeHooks": [],
      "afterHooks": [],
      "tests": [],
      "suites": [
        {
          "uuid": "619a93b6-a486-4c51-b770-303086b6cdc1",
          "title": "fluxo de checkout",
          "fullFile": "",
          "file": "",
          "beforeHooks": [],
          "afterHooks": [],
          "tests": [
            {
              "title": "deve adicionar produtos no carrinho e finalizar uma compra",
              "fullTitle": "fluxo de checkout deve adicionar produtos no carrinho e finalizar uma compra",
              "timedOut": null,
              "duration": 35383,
              "state": "passed",
              "speed": "slow",
              "pass": true,
              "fail": false,
              "pending": false,
              "context": null,
              "code": "cy.AddProduto(produtos.tamanho, produtos.cor, produtos.quantidade, produtos.id, produtos.varid);\ncy.get('.dropdown-toggle > .mini-cart-items', {\n  timeout: 1000000\n}).should('contain', 2);\ncy.cadastroFaturamentoCheckout(dados[1].cep, dados[1].telefone);\ncy.get('.woocommerce-notice').should('contain', 'Obrigado. Seu pedido foi recebido.');",
              "err": {},
              "uuid": "b6eaa75f-def6-4cf6-9697-189a23af36a2",
              "parentUUID": "619a93b6-a486-4c51-b770-303086b6cdc1",
              "isHook": false,
              "skipped": false
            }
          ],
          "suites": [],
          "passes": [
            "b6eaa75f-def6-4cf6-9697-189a23af36a2"
          ],
          "failures": [],
          "pending": [],
          "skipped": [],
          "duration": 35383,
          "root": false,
          "rootEmpty": false,
          "_timeout": 2000
        }
      ],
      "passes": [],
      "failures": [],
      "pending": [],
      "skipped": [],
      "duration": 0,
      "root": true,
      "rootEmpty": true,
      "_timeout": 2000
    },
    {
      "uuid": "515958a6-076d-484c-b3f9-ca5af51a0ec2",
      "title": "",
      "fullFile": "cypress/e2e/criacao-de-conta.spec.cy.js",
      "file": "cypress/e2e/criacao-de-conta.spec.cy.js",
      "beforeHooks": [],
      "afterHooks": [],
      "tests": [],
      "suites": [
        {
          "uuid": "aac6016e-68cf-4e51-b0a1-12cf0106b972",
          "title": "fluxo de criacao de conta",
          "fullFile": "",
          "file": "",
          "beforeHooks": [],
          "afterHooks": [],
          "tests": [
            {
              "title": "deve registrar uma conta com sucesso",
              "fullTitle": "fluxo de criacao de conta deve registrar uma conta com sucesso",
              "timedOut": null,
              "duration": 9531,
              "state": "passed",
              "speed": "medium",
              "pass": true,
              "fail": false,
              "pending": false,
              "context": null,
              "code": "registerPage.register(faker.internet.email(), faker.internet.password());\ndashboardPage.message.should('contain', 'Welcome');",
              "err": {},
              "uuid": "63bd4ba1-3aea-4964-b72e-93857f6f9467",
              "parentUUID": "aac6016e-68cf-4e51-b0a1-12cf0106b972",
              "isHook": false,
              "skipped": false
            },
            {
              "title": "deve validar mensagem de email invalido",
              "fullTitle": "fluxo de criacao de conta deve validar mensagem de email invalido",
              "timedOut": null,
              "duration": 4649,
              "state": "passed",
              "speed": "fast",
              "pass": true,
              "fail": false,
              "pending": false,
              "context": null,
              "code": "registerPage.register(dados[0].user, faker.internet.password());\ndashboardPage.errormessage.should('contain', 'Erro: Informe um endereço de e-mail válido.');",
              "err": {},
              "uuid": "4a2fc933-e87e-4cd1-8a0a-60eede60e4b5",
              "parentUUID": "aac6016e-68cf-4e51-b0a1-12cf0106b972",
              "isHook": false,
              "skipped": false
            },
            {
              "title": "deve validar mensagem de email ja em uso",
              "fullTitle": "fluxo de criacao de conta deve validar mensagem de email ja em uso",
              "timedOut": null,
              "duration": 16458,
              "state": "passed",
              "speed": "slow",
              "pass": true,
              "fail": false,
              "pending": false,
              "context": null,
              "code": "let user = faker.internet.email();\nlet password = faker.internet.password();\nregisterPage.register(user, password);\ndashboardPage.logout.click();\ncy.visit('/minha-conta');\nregisterPage.register(user, password);\ndashboardPage.errormessage.should('contain', 'Erro: Uma conta já está registrada com seu endereço de e-mail.');",
              "err": {},
              "uuid": "ef96d1ad-173f-4897-aff4-194d911f1bc7",
              "parentUUID": "aac6016e-68cf-4e51-b0a1-12cf0106b972",
              "isHook": false,
              "skipped": false
            }
          ],
          "suites": [],
          "passes": [
            "63bd4ba1-3aea-4964-b72e-93857f6f9467",
            "4a2fc933-e87e-4cd1-8a0a-60eede60e4b5",
            "ef96d1ad-173f-4897-aff4-194d911f1bc7"
          ],
          "failures": [],
          "pending": [],
          "skipped": [],
          "duration": 30638,
          "root": false,
          "rootEmpty": false,
          "_timeout": 2000
        }
      ],
      "passes": [],
      "failures": [],
      "pending": [],
      "skipped": [],
      "duration": 0,
      "root": true,
      "rootEmpty": true,
      "_timeout": 2000
    },
    {
      "uuid": "3daefd69-551f-4572-ae20-6b623f7979d1",
      "title": "",
      "fullFile": "cypress/e2e/shopping-cart.spec.cy.js",
      "file": "cypress/e2e/shopping-cart.spec.cy.js",
      "beforeHooks": [],
      "afterHooks": [],
      "tests": [],
      "suites": [
        {
          "uuid": "b7c015f0-b0e3-4a5a-992e-3d4df3e00a42",
          "title": "interceptando as respostas do carrinho de compras",
          "fullFile": "",
          "file": "",
          "beforeHooks": [],
          "afterHooks": [],
          "tests": [
            {
              "title": "deve adicionar item no carrinho",
              "fullTitle": "interceptando as respostas do carrinho de compras deve adicionar item no carrinho",
              "timedOut": null,
              "duration": 10984,
              "state": "passed",
              "speed": "slow",
              "pass": true,
              "fail": false,
              "pending": false,
              "context": null,
              "code": "cy.intercept({\n  url: '/product*',\n  method: 'POST'\n}, req => {\n  req.reply({\n    statusCode: 200,\n    body: htmlAddP\n  });\n}).as('carrinhoPost');\ncy.intercept({\n  method: 'GET',\n  url: '/carrinho*'\n}, req => {\n  if (req.headers.cookie.includes(\"woocommerce_items_in_cart=1\")) {\n    req.reply({\n      statusCode: 200,\n      body: htmlAddP\n    });\n  }\n}).as('fragmentsEdit');\ncy.AddProduto(produtos.tamanho, produtos.cor, produtos.quantidade, produtos.id, produtos.varid);\ncartPage.verCarrinho();\ncy.get('.woocommerce-message').should('contain', 'Beaumont Summit Kit');",
              "err": {},
              "uuid": "9f7f252b-6679-4cbe-bd9f-6414d93a1e58",
              "parentUUID": "b7c015f0-b0e3-4a5a-992e-3d4df3e00a42",
              "isHook": false,
              "skipped": false
            },
            {
              "title": "deve atualizar o item no carrinho",
              "fullTitle": "interceptando as respostas do carrinho de compras deve atualizar o item no carrinho",
              "timedOut": null,
              "duration": 4466,
              "state": "passed",
              "speed": "fast",
              "pass": true,
              "fail": false,
              "pending": false,
              "context": null,
              "code": "cy.AddProduto(produtos.tamanho, produtos.cor, produtos.quantidade, produtos.id, produtos.varid);\ncy.intercept({\n  url: '/carrinho*',\n  method: 'GET'\n}, req => {\n  req.reply({\n    statusCode: 200,\n    body: htmlEdit\n  });\n}).as('carrinhoGET');\ncy.intercept({\n  method: 'POST',\n  url: '/?wc-ajax=get_refreshed_fragments*'\n}, req => {\n  if (req.headers.cookie.includes(\"woocommerce_items_in_cart=1\")) {\n    req.reply({\n      statusCode: 200,\n      body: carrinho.edit\n    });\n  }\n}).as('fragmentsEdit');\ncartPage.addMaisUm();\ncartPage.Total.should('contain', '84,00');",
              "err": {},
              "uuid": "1536385d-b79d-49e7-a6e2-43e1a7ebbd0f",
              "parentUUID": "b7c015f0-b0e3-4a5a-992e-3d4df3e00a42",
              "isHook": false,
              "skipped": false
            },
            {
              "title": "deve deletar item do carrinho",
              "fullTitle": "interceptando as respostas do carrinho de compras deve deletar item do carrinho",
              "timedOut": null,
              "duration": 3831,
              "state": "passed",
              "speed": "fast",
              "pass": true,
              "fail": false,
              "pending": false,
              "context": null,
              "code": "cy.AddProduto(produtos.tamanho, produtos.cor, produtos.quantidade, produtos.id, produtos.varid);\ncy.intercept({\n  url: '/carrinho*',\n  method: 'GET'\n}, req => {\n  req.reply({\n    statusCode: 200,\n    body: htmlRemove\n  });\n}).as('carrinhoGET');\ncy.intercept({\n  method: 'POST',\n  url: '/?wc-ajax=get_refreshed_fragments*'\n}, req => {\n  if (req.headers.cookie.includes(\"woocommerce_items_in_cart=1\")) {\n    req.reply({\n      statusCode: 200,\n      body: carrinho.remover\n    });\n  }\n}).as('fragmentsEdit');\ncartPage.addMaisUm();\ncartPage.carrinhoVazio.should('contain', 'Seu carrinho está vazio');",
              "err": {},
              "uuid": "72026643-8440-4698-a24d-acefe1f9061c",
              "parentUUID": "b7c015f0-b0e3-4a5a-992e-3d4df3e00a42",
              "isHook": false,
              "skipped": false
            }
          ],
          "suites": [],
          "passes": [
            "9f7f252b-6679-4cbe-bd9f-6414d93a1e58",
            "1536385d-b79d-49e7-a6e2-43e1a7ebbd0f",
            "72026643-8440-4698-a24d-acefe1f9061c"
          ],
          "failures": [],
          "pending": [],
          "skipped": [],
          "duration": 19281,
          "root": false,
          "rootEmpty": false,
          "_timeout": 2000
        }
      ],
      "passes": [],
      "failures": [],
      "pending": [],
      "skipped": [],
      "duration": 0,
      "root": true,
      "rootEmpty": true,
      "_timeout": 2000
    },
    {
      "uuid": "f592831d-6e73-4076-899a-678ca83c85ef",
      "title": "",
      "fullFile": "cypress/e2e/checkout.spec.cy.js",
      "file": "cypress/e2e/checkout.spec.cy.js",
      "beforeHooks": [],
      "afterHooks": [],
      "tests": [],
      "suites": [
        {
          "uuid": "8460137f-140b-4b72-816e-bc80751e43f7",
          "title": "fluxo de checkout",
          "fullFile": "",
          "file": "",
          "beforeHooks": [],
          "afterHooks": [],
          "tests": [
            {
              "title": "deve adicionar produtos no carrinho e finalizar uma compra",
              "fullTitle": "fluxo de checkout deve adicionar produtos no carrinho e finalizar uma compra",
              "timedOut": null,
              "duration": 20626,
              "state": "passed",
              "speed": "slow",
              "pass": true,
              "fail": false,
              "pending": false,
              "context": null,
              "code": "cy.AddProduto(produtos.tamanho, produtos.cor, produtos.quantidade, produtos.id, produtos.varid);\ncy.get('.dropdown-toggle > .mini-cart-items', {\n  timeout: 1000000\n}).should('contain', 2);\ncy.cadastroFaturamentoCheckout(dados[1].cep, dados[1].telefone);\ncy.get('.woocommerce-notice').should('contain', 'Obrigado. Seu pedido foi recebido.');",
              "err": {},
              "uuid": "f28b2613-d9a2-43fd-a8bc-d5cce090ec59",
              "parentUUID": "8460137f-140b-4b72-816e-bc80751e43f7",
              "isHook": false,
              "skipped": false
            }
          ],
          "suites": [],
          "passes": [
            "f28b2613-d9a2-43fd-a8bc-d5cce090ec59"
          ],
          "failures": [],
          "pending": [],
          "skipped": [],
          "duration": 20626,
          "root": false,
          "rootEmpty": false,
          "_timeout": 2000
        }
      ],
      "passes": [],
      "failures": [],
      "pending": [],
      "skipped": [],
      "duration": 0,
      "root": true,
      "rootEmpty": true,
      "_timeout": 2000
    },
    {
      "uuid": "aa5df2b5-621b-47cc-bae8-d1db69382506",
      "title": "",
      "fullFile": "cypress/e2e/criacao-de-conta.spec.cy.js",
      "file": "cypress/e2e/criacao-de-conta.spec.cy.js",
      "beforeHooks": [],
      "afterHooks": [],
      "tests": [],
      "suites": [
        {
          "uuid": "4ad5e70a-faa1-4de1-9c4f-ed67ce60bf84",
          "title": "fluxo de criacao de conta",
          "fullFile": "",
          "file": "",
          "beforeHooks": [],
          "afterHooks": [],
          "tests": [
            {
              "title": "deve registrar uma conta com sucesso",
              "fullTitle": "fluxo de criacao de conta deve registrar uma conta com sucesso",
              "timedOut": null,
              "duration": 7724,
              "state": "passed",
              "speed": "medium",
              "pass": true,
              "fail": false,
              "pending": false,
              "context": null,
              "code": "registerPage.register(faker.internet.email(), faker.internet.password());\ndashboardPage.message.should('contain', 'Welcome');",
              "err": {},
              "uuid": "2c0ff5bc-60da-4629-b736-f1f11f786675",
              "parentUUID": "4ad5e70a-faa1-4de1-9c4f-ed67ce60bf84",
              "isHook": false,
              "skipped": false
            },
            {
              "title": "deve validar mensagem de email invalido",
              "fullTitle": "fluxo de criacao de conta deve validar mensagem de email invalido",
              "timedOut": null,
              "duration": 4272,
              "state": "passed",
              "speed": "fast",
              "pass": true,
              "fail": false,
              "pending": false,
              "context": null,
              "code": "registerPage.register(dados[0].user, faker.internet.password());\ndashboardPage.errormessage.should('contain', 'Erro: Informe um endereço de e-mail válido.');",
              "err": {},
              "uuid": "a9f8e35c-cab5-4285-90ab-2a82b9a90b71",
              "parentUUID": "4ad5e70a-faa1-4de1-9c4f-ed67ce60bf84",
              "isHook": false,
              "skipped": false
            },
            {
              "title": "deve validar mensagem de email ja em uso",
              "fullTitle": "fluxo de criacao de conta deve validar mensagem de email ja em uso",
              "timedOut": null,
              "duration": 11590,
              "state": "passed",
              "speed": "slow",
              "pass": true,
              "fail": false,
              "pending": false,
              "context": null,
              "code": "let user = faker.internet.email();\nlet password = faker.internet.password();\nregisterPage.register(user, password);\ndashboardPage.logout.click();\ncy.visit('/minha-conta');\nregisterPage.register(user, password);\ndashboardPage.errormessage.should('contain', 'Erro: Uma conta já está registrada com seu endereço de e-mail.');",
              "err": {},
              "uuid": "076eb3aa-3011-4a3d-b649-3d1bab01f870",
              "parentUUID": "4ad5e70a-faa1-4de1-9c4f-ed67ce60bf84",
              "isHook": false,
              "skipped": false
            }
          ],
          "suites": [],
          "passes": [
            "2c0ff5bc-60da-4629-b736-f1f11f786675",
            "a9f8e35c-cab5-4285-90ab-2a82b9a90b71",
            "076eb3aa-3011-4a3d-b649-3d1bab01f870"
          ],
          "failures": [],
          "pending": [],
          "skipped": [],
          "duration": 23586,
          "root": false,
          "rootEmpty": false,
          "_timeout": 2000
        }
      ],
      "passes": [],
      "failures": [],
      "pending": [],
      "skipped": [],
      "duration": 0,
      "root": true,
      "rootEmpty": true,
      "_timeout": 2000
    },
    {
      "uuid": "fc65a45e-d829-4e82-a9b6-eaf8cfeae180",
      "title": "",
      "fullFile": "cypress/e2e/shopping-cart.spec.cy.js",
      "file": "cypress/e2e/shopping-cart.spec.cy.js",
      "beforeHooks": [],
      "afterHooks": [],
      "tests": [],
      "suites": [
        {
          "uuid": "33fcd617-6b9a-44e7-a55f-dfea25a13589",
          "title": "interceptando as respostas do carrinho de compras",
          "fullFile": "",
          "file": "",
          "beforeHooks": [],
          "afterHooks": [],
          "tests": [
            {
              "title": "deve adicionar item no carrinho",
              "fullTitle": "interceptando as respostas do carrinho de compras deve adicionar item no carrinho",
              "timedOut": null,
              "duration": 7749,
              "state": "passed",
              "speed": "medium",
              "pass": true,
              "fail": false,
              "pending": false,
              "context": null,
              "code": "cy.intercept({\n  url: '/product*',\n  method: 'POST'\n}, req => {\n  req.reply({\n    statusCode: 200,\n    body: htmlAddP\n  });\n}).as('carrinhoPost');\ncy.intercept({\n  method: 'GET',\n  url: '/carrinho*'\n}, req => {\n  if (req.headers.cookie.includes(\"woocommerce_items_in_cart=1\")) {\n    req.reply({\n      statusCode: 200,\n      body: htmlAddP\n    });\n  }\n}).as('fragmentsEdit');\ncy.AddProduto(produtos.tamanho, produtos.cor, produtos.quantidade, produtos.id, produtos.varid);\ncartPage.verCarrinho();\ncy.get('.woocommerce-message').should('contain', 'Beaumont Summit Kit');",
              "err": {},
              "uuid": "300386a8-8272-4993-ae94-cc56d40cd0bb",
              "parentUUID": "33fcd617-6b9a-44e7-a55f-dfea25a13589",
              "isHook": false,
              "skipped": false
            },
            {
              "title": "deve atualizar o item no carrinho",
              "fullTitle": "interceptando as respostas do carrinho de compras deve atualizar o item no carrinho",
              "timedOut": null,
              "duration": 3320,
              "state": "passed",
              "speed": "fast",
              "pass": true,
              "fail": false,
              "pending": false,
              "context": null,
              "code": "cy.AddProduto(produtos.tamanho, produtos.cor, produtos.quantidade, produtos.id, produtos.varid);\ncy.intercept({\n  url: '/carrinho*',\n  method: 'GET'\n}, req => {\n  req.reply({\n    statusCode: 200,\n    body: htmlEdit\n  });\n}).as('carrinhoGET');\ncy.intercept({\n  method: 'POST',\n  url: '/?wc-ajax=get_refreshed_fragments*'\n}, req => {\n  if (req.headers.cookie.includes(\"woocommerce_items_in_cart=1\")) {\n    req.reply({\n      statusCode: 200,\n      body: carrinho.edit\n    });\n  }\n}).as('fragmentsEdit');\ncartPage.addMaisUm();\ncartPage.Total.should('contain', '84,00');",
              "err": {},
              "uuid": "e53afda8-7e23-4360-acbd-d8b7740e4ab2",
              "parentUUID": "33fcd617-6b9a-44e7-a55f-dfea25a13589",
              "isHook": false,
              "skipped": false
            },
            {
              "title": "deve deletar item do carrinho",
              "fullTitle": "interceptando as respostas do carrinho de compras deve deletar item do carrinho",
              "timedOut": null,
              "duration": 2760,
              "state": "passed",
              "speed": "fast",
              "pass": true,
              "fail": false,
              "pending": false,
              "context": null,
              "code": "cy.AddProduto(produtos.tamanho, produtos.cor, produtos.quantidade, produtos.id, produtos.varid);\ncy.intercept({\n  url: '/carrinho*',\n  method: 'GET'\n}, req => {\n  req.reply({\n    statusCode: 200,\n    body: htmlRemove\n  });\n}).as('carrinhoGET');\ncy.intercept({\n  method: 'POST',\n  url: '/?wc-ajax=get_refreshed_fragments*'\n}, req => {\n  if (req.headers.cookie.includes(\"woocommerce_items_in_cart=1\")) {\n    req.reply({\n      statusCode: 200,\n      body: carrinho.remover\n    });\n  }\n}).as('fragmentsEdit');\ncartPage.addMaisUm();\ncartPage.carrinhoVazio.should('contain', 'Seu carrinho está vazio');",
              "err": {},
              "uuid": "d6910d97-39a0-45c6-8ab8-811076ff8502",
              "parentUUID": "33fcd617-6b9a-44e7-a55f-dfea25a13589",
              "isHook": false,
              "skipped": false
            }
          ],
          "suites": [],
          "passes": [
            "300386a8-8272-4993-ae94-cc56d40cd0bb",
            "e53afda8-7e23-4360-acbd-d8b7740e4ab2",
            "d6910d97-39a0-45c6-8ab8-811076ff8502"
          ],
          "failures": [],
          "pending": [],
          "skipped": [],
          "duration": 13829,
          "root": false,
          "rootEmpty": false,
          "_timeout": 2000
        }
      ],
      "passes": [],
      "failures": [],
      "pending": [],
      "skipped": [],
      "duration": 0,
      "root": true,
      "rootEmpty": true,
      "_timeout": 2000
    },
    {
      "uuid": "8c4d5b03-2c59-40c3-a1ea-363fc3bd0b08",
      "title": "",
      "fullFile": "cypress/e2e/checkout.spec.cy.js",
      "file": "cypress/e2e/checkout.spec.cy.js",
      "beforeHooks": [],
      "afterHooks": [],
      "tests": [],
      "suites": [
        {
          "uuid": "995825d2-b002-4cb6-8eff-2a36cb7cd5c5",
          "title": "fluxo de checkout",
          "fullFile": "",
          "file": "",
          "beforeHooks": [],
          "afterHooks": [],
          "tests": [
            {
              "title": "deve adicionar produtos no carrinho e finalizar uma compra",
              "fullTitle": "fluxo de checkout deve adicionar produtos no carrinho e finalizar uma compra",
              "timedOut": null,
              "duration": 35098,
              "state": "passed",
              "speed": "slow",
              "pass": true,
              "fail": false,
              "pending": false,
              "context": null,
              "code": "cy.AddProduto(produtos.tamanho, produtos.cor, produtos.quantidade, produtos.id, produtos.varid);\ncy.get('.dropdown-toggle > .mini-cart-items', {\n  timeout: 1000000\n}).should('contain', 2);\ncy.cadastroFaturamentoCheckout(dados[1].cep, dados[1].telefone);\ncy.get('.woocommerce-notice').should('contain', 'Obrigado. Seu pedido foi recebido.');",
              "err": {},
              "uuid": "fc49b412-5374-4650-87fb-a70135220072",
              "parentUUID": "995825d2-b002-4cb6-8eff-2a36cb7cd5c5",
              "isHook": false,
              "skipped": false
            }
          ],
          "suites": [],
          "passes": [
            "fc49b412-5374-4650-87fb-a70135220072"
          ],
          "failures": [],
          "pending": [],
          "skipped": [],
          "duration": 35098,
          "root": false,
          "rootEmpty": false,
          "_timeout": 2000
        }
      ],
      "passes": [],
      "failures": [],
      "pending": [],
      "skipped": [],
      "duration": 0,
      "root": true,
      "rootEmpty": true,
      "_timeout": 2000
    },
    {
      "uuid": "d4c04102-d7d9-4be3-a7f6-8f6d0cbe71e3",
      "title": "",
      "fullFile": "cypress/e2e/criacao-de-conta.spec.cy.js",
      "file": "cypress/e2e/criacao-de-conta.spec.cy.js",
      "beforeHooks": [],
      "afterHooks": [],
      "tests": [],
      "suites": [
        {
          "uuid": "0e7c5fd8-a6aa-461e-8d5c-1fce21945db8",
          "title": "fluxo de criacao de conta",
          "fullFile": "",
          "file": "",
          "beforeHooks": [],
          "afterHooks": [],
          "tests": [
            {
              "title": "deve registrar uma conta com sucesso",
              "fullTitle": "fluxo de criacao de conta deve registrar uma conta com sucesso",
              "timedOut": null,
              "duration": 11713,
              "state": "passed",
              "speed": "slow",
              "pass": true,
              "fail": false,
              "pending": false,
              "context": null,
              "code": "registerPage.register(faker.internet.email(), faker.internet.password());\ndashboardPage.message.should('contain', 'Welcome');",
              "err": {},
              "uuid": "48ca0570-c2d3-4a3b-a519-80c23916a0cf",
              "parentUUID": "0e7c5fd8-a6aa-461e-8d5c-1fce21945db8",
              "isHook": false,
              "skipped": false
            },
            {
              "title": "deve validar mensagem de email invalido",
              "fullTitle": "fluxo de criacao de conta deve validar mensagem de email invalido",
              "timedOut": null,
              "duration": 5897,
              "state": "passed",
              "speed": "medium",
              "pass": true,
              "fail": false,
              "pending": false,
              "context": null,
              "code": "registerPage.register(dados[0].user, faker.internet.password());\ndashboardPage.errormessage.should('contain', 'Erro: Informe um endereço de e-mail válido.');",
              "err": {},
              "uuid": "94145778-c8ab-4fbc-bf0e-0cc6bd8d7d00",
              "parentUUID": "0e7c5fd8-a6aa-461e-8d5c-1fce21945db8",
              "isHook": false,
              "skipped": false
            },
            {
              "title": "deve validar mensagem de email ja em uso",
              "fullTitle": "fluxo de criacao de conta deve validar mensagem de email ja em uso",
              "timedOut": null,
              "duration": 16151,
              "state": "passed",
              "speed": "slow",
              "pass": true,
              "fail": false,
              "pending": false,
              "context": null,
              "code": "let user = faker.internet.email();\nlet password = faker.internet.password();\nregisterPage.register(user, password);\ndashboardPage.logout.click();\ncy.visit('/minha-conta');\nregisterPage.register(user, password);\ndashboardPage.errormessage.should('contain', 'Erro: Uma conta já está registrada com seu endereço de e-mail.');",
              "err": {},
              "uuid": "6ba2267a-9eb1-4d09-a356-5b0478d16b7a",
              "parentUUID": "0e7c5fd8-a6aa-461e-8d5c-1fce21945db8",
              "isHook": false,
              "skipped": false
            }
          ],
          "suites": [],
          "passes": [
            "48ca0570-c2d3-4a3b-a519-80c23916a0cf",
            "94145778-c8ab-4fbc-bf0e-0cc6bd8d7d00",
            "6ba2267a-9eb1-4d09-a356-5b0478d16b7a"
          ],
          "failures": [],
          "pending": [],
          "skipped": [],
          "duration": 33761,
          "root": false,
          "rootEmpty": false,
          "_timeout": 2000
        }
      ],
      "passes": [],
      "failures": [],
      "pending": [],
      "skipped": [],
      "duration": 0,
      "root": true,
      "rootEmpty": true,
      "_timeout": 2000
    },
    {
      "uuid": "07ec0be1-4544-4b64-81ec-4acfe2c6202b",
      "title": "",
      "fullFile": "cypress/e2e/shopping-cart.spec.cy.js",
      "file": "cypress/e2e/shopping-cart.spec.cy.js",
      "beforeHooks": [],
      "afterHooks": [],
      "tests": [],
      "suites": [
        {
          "uuid": "0387d846-268e-4048-a702-fd81eb929c24",
          "title": "interceptando as respostas do carrinho de compras",
          "fullFile": "",
          "file": "",
          "beforeHooks": [],
          "afterHooks": [],
          "tests": [
            {
              "title": "deve adicionar item no carrinho",
              "fullTitle": "interceptando as respostas do carrinho de compras deve adicionar item no carrinho",
              "timedOut": null,
              "duration": 14124,
              "state": "passed",
              "speed": "slow",
              "pass": true,
              "fail": false,
              "pending": false,
              "context": null,
              "code": "cy.intercept({\n  url: '/product*',\n  method: 'POST'\n}, req => {\n  req.reply({\n    statusCode: 200,\n    body: htmlAddP\n  });\n}).as('carrinhoPost');\ncy.intercept({\n  method: 'GET',\n  url: '/carrinho*'\n}, req => {\n  if (req.headers.cookie.includes(\"woocommerce_items_in_cart=1\")) {\n    req.reply({\n      statusCode: 200,\n      body: htmlAddP\n    });\n  }\n}).as('fragmentsEdit');\ncy.AddProduto(produtos.tamanho, produtos.cor, produtos.quantidade, produtos.id, produtos.varid);\ncartPage.verCarrinho();\ncy.get('.woocommerce-message').should('contain', 'Beaumont Summit Kit');",
              "err": {},
              "uuid": "a6adf043-53b7-46dc-b7c2-f8dc6965394e",
              "parentUUID": "0387d846-268e-4048-a702-fd81eb929c24",
              "isHook": false,
              "skipped": false
            },
            {
              "title": "deve atualizar o item no carrinho",
              "fullTitle": "interceptando as respostas do carrinho de compras deve atualizar o item no carrinho",
              "timedOut": null,
              "duration": 5928,
              "state": "passed",
              "speed": "medium",
              "pass": true,
              "fail": false,
              "pending": false,
              "context": null,
              "code": "cy.AddProduto(produtos.tamanho, produtos.cor, produtos.quantidade, produtos.id, produtos.varid);\ncy.intercept({\n  url: '/carrinho*',\n  method: 'GET'\n}, req => {\n  req.reply({\n    statusCode: 200,\n    body: htmlEdit\n  });\n}).as('carrinhoGET');\ncy.intercept({\n  method: 'POST',\n  url: '/?wc-ajax=get_refreshed_fragments*'\n}, req => {\n  if (req.headers.cookie.includes(\"woocommerce_items_in_cart=1\")) {\n    req.reply({\n      statusCode: 200,\n      body: carrinho.edit\n    });\n  }\n}).as('fragmentsEdit');\ncartPage.addMaisUm();\ncartPage.Total.should('contain', '84,00');",
              "err": {},
              "uuid": "14b90383-aed1-48af-b97c-b1a9441d725e",
              "parentUUID": "0387d846-268e-4048-a702-fd81eb929c24",
              "isHook": false,
              "skipped": false
            },
            {
              "title": "deve deletar item do carrinho",
              "fullTitle": "interceptando as respostas do carrinho de compras deve deletar item do carrinho",
              "timedOut": null,
              "duration": 5897,
              "state": "passed",
              "speed": "medium",
              "pass": true,
              "fail": false,
              "pending": false,
              "context": null,
              "code": "cy.AddProduto(produtos.tamanho, produtos.cor, produtos.quantidade, produtos.id, produtos.varid);\ncy.intercept({\n  url: '/carrinho*',\n  method: 'GET'\n}, req => {\n  req.reply({\n    statusCode: 200,\n    body: htmlRemove\n  });\n}).as('carrinhoGET');\ncy.intercept({\n  method: 'POST',\n  url: '/?wc-ajax=get_refreshed_fragments*'\n}, req => {\n  if (req.headers.cookie.includes(\"woocommerce_items_in_cart=1\")) {\n    req.reply({\n      statusCode: 200,\n      body: carrinho.remover\n    });\n  }\n}).as('fragmentsEdit');\ncartPage.addMaisUm();\ncartPage.carrinhoVazio.should('contain', 'Seu carrinho está vazio');",
              "err": {},
              "uuid": "b572b5f4-28f1-4eb6-a5d8-d09a26832439",
              "parentUUID": "0387d846-268e-4048-a702-fd81eb929c24",
              "isHook": false,
              "skipped": false
            }
          ],
          "suites": [],
          "passes": [
            "a6adf043-53b7-46dc-b7c2-f8dc6965394e",
            "14b90383-aed1-48af-b97c-b1a9441d725e",
            "b572b5f4-28f1-4eb6-a5d8-d09a26832439"
          ],
          "failures": [],
          "pending": [],
          "skipped": [],
          "duration": 25949,
          "root": false,
          "rootEmpty": false,
          "_timeout": 2000
        }
      ],
      "passes": [],
      "failures": [],
      "pending": [],
      "skipped": [],
      "duration": 0,
      "root": true,
      "rootEmpty": true,
      "_timeout": 2000
    },
    {
      "uuid": "f592831d-6e73-4076-899a-678ca83c85ef",
      "title": "",
      "fullFile": "cypress/e2e/checkout.spec.cy.js",
      "file": "cypress/e2e/checkout.spec.cy.js",
      "beforeHooks": [],
      "afterHooks": [],
      "tests": [],
      "suites": [
        {
          "uuid": "8460137f-140b-4b72-816e-bc80751e43f7",
          "title": "fluxo de checkout",
          "fullFile": "",
          "file": "",
          "beforeHooks": [],
          "afterHooks": [],
          "tests": [
            {
              "title": "deve adicionar produtos no carrinho e finalizar uma compra",
              "fullTitle": "fluxo de checkout deve adicionar produtos no carrinho e finalizar uma compra",
              "timedOut": null,
              "duration": 20626,
              "state": "passed",
              "speed": "slow",
              "pass": true,
              "fail": false,
              "pending": false,
              "context": null,
              "code": "cy.AddProduto(produtos.tamanho, produtos.cor, produtos.quantidade, produtos.id, produtos.varid);\ncy.get('.dropdown-toggle > .mini-cart-items', {\n  timeout: 1000000\n}).should('contain', 2);\ncy.cadastroFaturamentoCheckout(dados[1].cep, dados[1].telefone);\ncy.get('.woocommerce-notice').should('contain', 'Obrigado. Seu pedido foi recebido.');",
              "err": {},
              "uuid": "f28b2613-d9a2-43fd-a8bc-d5cce090ec59",
              "parentUUID": "8460137f-140b-4b72-816e-bc80751e43f7",
              "isHook": false,
              "skipped": false
            }
          ],
          "suites": [],
          "passes": [
            "f28b2613-d9a2-43fd-a8bc-d5cce090ec59"
          ],
          "failures": [],
          "pending": [],
          "skipped": [],
          "duration": 20626,
          "root": false,
          "rootEmpty": false,
          "_timeout": 2000
        }
      ],
      "passes": [],
      "failures": [],
      "pending": [],
      "skipped": [],
      "duration": 0,
      "root": true,
      "rootEmpty": true,
      "_timeout": 2000
    },
    {
      "uuid": "aa5df2b5-621b-47cc-bae8-d1db69382506",
      "title": "",
      "fullFile": "cypress/e2e/criacao-de-conta.spec.cy.js",
      "file": "cypress/e2e/criacao-de-conta.spec.cy.js",
      "beforeHooks": [],
      "afterHooks": [],
      "tests": [],
      "suites": [
        {
          "uuid": "4ad5e70a-faa1-4de1-9c4f-ed67ce60bf84",
          "title": "fluxo de criacao de conta",
          "fullFile": "",
          "file": "",
          "beforeHooks": [],
          "afterHooks": [],
          "tests": [
            {
              "title": "deve registrar uma conta com sucesso",
              "fullTitle": "fluxo de criacao de conta deve registrar uma conta com sucesso",
              "timedOut": null,
              "duration": 7724,
              "state": "passed",
              "speed": "medium",
              "pass": true,
              "fail": false,
              "pending": false,
              "context": null,
              "code": "registerPage.register(faker.internet.email(), faker.internet.password());\ndashboardPage.message.should('contain', 'Welcome');",
              "err": {},
              "uuid": "2c0ff5bc-60da-4629-b736-f1f11f786675",
              "parentUUID": "4ad5e70a-faa1-4de1-9c4f-ed67ce60bf84",
              "isHook": false,
              "skipped": false
            },
            {
              "title": "deve validar mensagem de email invalido",
              "fullTitle": "fluxo de criacao de conta deve validar mensagem de email invalido",
              "timedOut": null,
              "duration": 4272,
              "state": "passed",
              "speed": "fast",
              "pass": true,
              "fail": false,
              "pending": false,
              "context": null,
              "code": "registerPage.register(dados[0].user, faker.internet.password());\ndashboardPage.errormessage.should('contain', 'Erro: Informe um endereço de e-mail válido.');",
              "err": {},
              "uuid": "a9f8e35c-cab5-4285-90ab-2a82b9a90b71",
              "parentUUID": "4ad5e70a-faa1-4de1-9c4f-ed67ce60bf84",
              "isHook": false,
              "skipped": false
            },
            {
              "title": "deve validar mensagem de email ja em uso",
              "fullTitle": "fluxo de criacao de conta deve validar mensagem de email ja em uso",
              "timedOut": null,
              "duration": 11590,
              "state": "passed",
              "speed": "slow",
              "pass": true,
              "fail": false,
              "pending": false,
              "context": null,
              "code": "let user = faker.internet.email();\nlet password = faker.internet.password();\nregisterPage.register(user, password);\ndashboardPage.logout.click();\ncy.visit('/minha-conta');\nregisterPage.register(user, password);\ndashboardPage.errormessage.should('contain', 'Erro: Uma conta já está registrada com seu endereço de e-mail.');",
              "err": {},
              "uuid": "076eb3aa-3011-4a3d-b649-3d1bab01f870",
              "parentUUID": "4ad5e70a-faa1-4de1-9c4f-ed67ce60bf84",
              "isHook": false,
              "skipped": false
            }
          ],
          "suites": [],
          "passes": [
            "2c0ff5bc-60da-4629-b736-f1f11f786675",
            "a9f8e35c-cab5-4285-90ab-2a82b9a90b71",
            "076eb3aa-3011-4a3d-b649-3d1bab01f870"
          ],
          "failures": [],
          "pending": [],
          "skipped": [],
          "duration": 23586,
          "root": false,
          "rootEmpty": false,
          "_timeout": 2000
        }
      ],
      "passes": [],
      "failures": [],
      "pending": [],
      "skipped": [],
      "duration": 0,
      "root": true,
      "rootEmpty": true,
      "_timeout": 2000
    },
    {
      "uuid": "fc65a45e-d829-4e82-a9b6-eaf8cfeae180",
      "title": "",
      "fullFile": "cypress/e2e/shopping-cart.spec.cy.js",
      "file": "cypress/e2e/shopping-cart.spec.cy.js",
      "beforeHooks": [],
      "afterHooks": [],
      "tests": [],
      "suites": [
        {
          "uuid": "33fcd617-6b9a-44e7-a55f-dfea25a13589",
          "title": "interceptando as respostas do carrinho de compras",
          "fullFile": "",
          "file": "",
          "beforeHooks": [],
          "afterHooks": [],
          "tests": [
            {
              "title": "deve adicionar item no carrinho",
              "fullTitle": "interceptando as respostas do carrinho de compras deve adicionar item no carrinho",
              "timedOut": null,
              "duration": 7749,
              "state": "passed",
              "speed": "medium",
              "pass": true,
              "fail": false,
              "pending": false,
              "context": null,
              "code": "cy.intercept({\n  url: '/product*',\n  method: 'POST'\n}, req => {\n  req.reply({\n    statusCode: 200,\n    body: htmlAddP\n  });\n}).as('carrinhoPost');\ncy.intercept({\n  method: 'GET',\n  url: '/carrinho*'\n}, req => {\n  if (req.headers.cookie.includes(\"woocommerce_items_in_cart=1\")) {\n    req.reply({\n      statusCode: 200,\n      body: htmlAddP\n    });\n  }\n}).as('fragmentsEdit');\ncy.AddProduto(produtos.tamanho, produtos.cor, produtos.quantidade, produtos.id, produtos.varid);\ncartPage.verCarrinho();\ncy.get('.woocommerce-message').should('contain', 'Beaumont Summit Kit');",
              "err": {},
              "uuid": "300386a8-8272-4993-ae94-cc56d40cd0bb",
              "parentUUID": "33fcd617-6b9a-44e7-a55f-dfea25a13589",
              "isHook": false,
              "skipped": false
            },
            {
              "title": "deve atualizar o item no carrinho",
              "fullTitle": "interceptando as respostas do carrinho de compras deve atualizar o item no carrinho",
              "timedOut": null,
              "duration": 3320,
              "state": "passed",
              "speed": "fast",
              "pass": true,
              "fail": false,
              "pending": false,
              "context": null,
              "code": "cy.AddProduto(produtos.tamanho, produtos.cor, produtos.quantidade, produtos.id, produtos.varid);\ncy.intercept({\n  url: '/carrinho*',\n  method: 'GET'\n}, req => {\n  req.reply({\n    statusCode: 200,\n    body: htmlEdit\n  });\n}).as('carrinhoGET');\ncy.intercept({\n  method: 'POST',\n  url: '/?wc-ajax=get_refreshed_fragments*'\n}, req => {\n  if (req.headers.cookie.includes(\"woocommerce_items_in_cart=1\")) {\n    req.reply({\n      statusCode: 200,\n      body: carrinho.edit\n    });\n  }\n}).as('fragmentsEdit');\ncartPage.addMaisUm();\ncartPage.Total.should('contain', '84,00');",
              "err": {},
              "uuid": "e53afda8-7e23-4360-acbd-d8b7740e4ab2",
              "parentUUID": "33fcd617-6b9a-44e7-a55f-dfea25a13589",
              "isHook": false,
              "skipped": false
            },
            {
              "title": "deve deletar item do carrinho",
              "fullTitle": "interceptando as respostas do carrinho de compras deve deletar item do carrinho",
              "timedOut": null,
              "duration": 2760,
              "state": "passed",
              "speed": "fast",
              "pass": true,
              "fail": false,
              "pending": false,
              "context": null,
              "code": "cy.AddProduto(produtos.tamanho, produtos.cor, produtos.quantidade, produtos.id, produtos.varid);\ncy.intercept({\n  url: '/carrinho*',\n  method: 'GET'\n}, req => {\n  req.reply({\n    statusCode: 200,\n    body: htmlRemove\n  });\n}).as('carrinhoGET');\ncy.intercept({\n  method: 'POST',\n  url: '/?wc-ajax=get_refreshed_fragments*'\n}, req => {\n  if (req.headers.cookie.includes(\"woocommerce_items_in_cart=1\")) {\n    req.reply({\n      statusCode: 200,\n      body: carrinho.remover\n    });\n  }\n}).as('fragmentsEdit');\ncartPage.addMaisUm();\ncartPage.carrinhoVazio.should('contain', 'Seu carrinho está vazio');",
              "err": {},
              "uuid": "d6910d97-39a0-45c6-8ab8-811076ff8502",
              "parentUUID": "33fcd617-6b9a-44e7-a55f-dfea25a13589",
              "isHook": false,
              "skipped": false
            }
          ],
          "suites": [],
          "passes": [
            "300386a8-8272-4993-ae94-cc56d40cd0bb",
            "e53afda8-7e23-4360-acbd-d8b7740e4ab2",
            "d6910d97-39a0-45c6-8ab8-811076ff8502"
          ],
          "failures": [],
          "pending": [],
          "skipped": [],
          "duration": 13829,
          "root": false,
          "rootEmpty": false,
          "_timeout": 2000
        }
      ],
      "passes": [],
      "failures": [],
      "pending": [],
      "skipped": [],
      "duration": 0,
      "root": true,
      "rootEmpty": true,
      "_timeout": 2000
    }
  ],
  "meta": {
    "mocha": {
      "version": "7.0.1"
    },
    "mochawesome": {
      "options": {
        "quiet": false,
        "reportFilename": "mochawesome",
        "saveHtml": false,
        "saveJson": true,
        "consoleReporter": "spec",
        "useInlineDiffs": false,
        "code": true
      },
      "version": "7.1.3"
    },
    "marge": {
      "options": {
        "reportDir": "cypress/results",
        "overwrite": false,
        "html": false,
        "json": true
      },
      "version": "6.2.0"
    }
  }
}