{
  "stats": {
    "suites": 1,
    "tests": 3,
    "passes": 3,
    "pending": 0,
    "failures": 0,
    "start": "2023-11-11T00:59:49.365Z",
    "end": "2023-11-11T01:00:20.800Z",
    "duration": 31435,
    "testsRegistered": 3,
    "passPercent": 100,
    "pendingPercent": 0,
    "other": 0,
    "hasOther": false,
    "skipped": 0,
    "hasSkipped": false
  },
  "results": [
    {
      "uuid": "515958a6-076d-484c-b3f9-ca5af51a0ec2",
      "title": "",
      "fullFile": "cypress/e2e/criacao-de-conta.spec.cy.js",
      "file": "cypress/e2e/criacao-de-conta.spec.cy.js",
      "beforeHooks": [],
      "afterHooks": [],
      "tests": [],
      "suites": [
        {
          "uuid": "aac6016e-68cf-4e51-b0a1-12cf0106b972",
          "title": "fluxo de criacao de conta",
          "fullFile": "",
          "file": "",
          "beforeHooks": [],
          "afterHooks": [],
          "tests": [
            {
              "title": "deve registrar uma conta com sucesso",
              "fullTitle": "fluxo de criacao de conta deve registrar uma conta com sucesso",
              "timedOut": null,
              "duration": 9531,
              "state": "passed",
              "speed": "medium",
              "pass": true,
              "fail": false,
              "pending": false,
              "context": null,
              "code": "registerPage.register(faker.internet.email(), faker.internet.password());\ndashboardPage.message.should('contain', 'Welcome');",
              "err": {},
              "uuid": "63bd4ba1-3aea-4964-b72e-93857f6f9467",
              "parentUUID": "aac6016e-68cf-4e51-b0a1-12cf0106b972",
              "isHook": false,
              "skipped": false
            },
            {
              "title": "deve validar mensagem de email invalido",
              "fullTitle": "fluxo de criacao de conta deve validar mensagem de email invalido",
              "timedOut": null,
              "duration": 4649,
              "state": "passed",
              "speed": "fast",
              "pass": true,
              "fail": false,
              "pending": false,
              "context": null,
              "code": "registerPage.register(dados[0].user, faker.internet.password());\ndashboardPage.errormessage.should('contain', 'Erro: Informe um endereço de e-mail válido.');",
              "err": {},
              "uuid": "4a2fc933-e87e-4cd1-8a0a-60eede60e4b5",
              "parentUUID": "aac6016e-68cf-4e51-b0a1-12cf0106b972",
              "isHook": false,
              "skipped": false
            },
            {
              "title": "deve validar mensagem de email ja em uso",
              "fullTitle": "fluxo de criacao de conta deve validar mensagem de email ja em uso",
              "timedOut": null,
              "duration": 16458,
              "state": "passed",
              "speed": "slow",
              "pass": true,
              "fail": false,
              "pending": false,
              "context": null,
              "code": "let user = faker.internet.email();\nlet password = faker.internet.password();\nregisterPage.register(user, password);\ndashboardPage.logout.click();\ncy.visit('/minha-conta');\nregisterPage.register(user, password);\ndashboardPage.errormessage.should('contain', 'Erro: Uma conta já está registrada com seu endereço de e-mail.');",
              "err": {},
              "uuid": "ef96d1ad-173f-4897-aff4-194d911f1bc7",
              "parentUUID": "aac6016e-68cf-4e51-b0a1-12cf0106b972",
              "isHook": false,
              "skipped": false
            }
          ],
          "suites": [],
          "passes": [
            "63bd4ba1-3aea-4964-b72e-93857f6f9467",
            "4a2fc933-e87e-4cd1-8a0a-60eede60e4b5",
            "ef96d1ad-173f-4897-aff4-194d911f1bc7"
          ],
          "failures": [],
          "pending": [],
          "skipped": [],
          "duration": 30638,
          "root": false,
          "rootEmpty": false,
          "_timeout": 2000
        }
      ],
      "passes": [],
      "failures": [],
      "pending": [],
      "skipped": [],
      "duration": 0,
      "root": true,
      "rootEmpty": true,
      "_timeout": 2000
    }
  ],
  "meta": {
    "mocha": {
      "version": "7.0.1"
    },
    "mochawesome": {
      "options": {
        "quiet": false,
        "reportFilename": "mochawesome",
        "saveHtml": true,
        "saveJson": true,
        "consoleReporter": "spec",
        "useInlineDiffs": false,
        "code": true
      },
      "version": "7.1.3"
    },
    "marge": {
      "options": {
        "reportDir": "cypress/results",
        "overwrite": false,
        "html": true,
        "json": true
      },
      "version": "6.2.0"
    }
  }
}