{
  "stats": {
    "suites": 1,
    "tests": 3,
    "passes": 3,
    "pending": 0,
    "failures": 0,
    "start": "2023-10-26T21:22:04.487Z",
    "end": "2023-10-26T21:22:28.522Z",
    "duration": 24035,
    "testsRegistered": 3,
    "passPercent": 100,
    "pendingPercent": 0,
    "other": 0,
    "hasOther": false,
    "skipped": 0,
    "hasSkipped": false
  },
  "results": [
    {
      "uuid": "aa5df2b5-621b-47cc-bae8-d1db69382506",
      "title": "",
      "fullFile": "cypress/e2e/criacao-de-conta.spec.cy.js",
      "file": "cypress/e2e/criacao-de-conta.spec.cy.js",
      "beforeHooks": [],
      "afterHooks": [],
      "tests": [],
      "suites": [
        {
          "uuid": "4ad5e70a-faa1-4de1-9c4f-ed67ce60bf84",
          "title": "fluxo de criacao de conta",
          "fullFile": "",
          "file": "",
          "beforeHooks": [],
          "afterHooks": [],
          "tests": [
            {
              "title": "deve registrar uma conta com sucesso",
              "fullTitle": "fluxo de criacao de conta deve registrar uma conta com sucesso",
              "timedOut": null,
              "duration": 7724,
              "state": "passed",
              "speed": "medium",
              "pass": true,
              "fail": false,
              "pending": false,
              "context": null,
              "code": "registerPage.register(faker.internet.email(), faker.internet.password());\ndashboardPage.message.should('contain', 'Welcome');",
              "err": {},
              "uuid": "2c0ff5bc-60da-4629-b736-f1f11f786675",
              "parentUUID": "4ad5e70a-faa1-4de1-9c4f-ed67ce60bf84",
              "isHook": false,
              "skipped": false
            },
            {
              "title": "deve validar mensagem de email invalido",
              "fullTitle": "fluxo de criacao de conta deve validar mensagem de email invalido",
              "timedOut": null,
              "duration": 4272,
              "state": "passed",
              "speed": "fast",
              "pass": true,
              "fail": false,
              "pending": false,
              "context": null,
              "code": "registerPage.register(dados[0].user, faker.internet.password());\ndashboardPage.errormessage.should('contain', 'Erro: Informe um endereço de e-mail válido.');",
              "err": {},
              "uuid": "a9f8e35c-cab5-4285-90ab-2a82b9a90b71",
              "parentUUID": "4ad5e70a-faa1-4de1-9c4f-ed67ce60bf84",
              "isHook": false,
              "skipped": false
            },
            {
              "title": "deve validar mensagem de email ja em uso",
              "fullTitle": "fluxo de criacao de conta deve validar mensagem de email ja em uso",
              "timedOut": null,
              "duration": 11590,
              "state": "passed",
              "speed": "slow",
              "pass": true,
              "fail": false,
              "pending": false,
              "context": null,
              "code": "let user = faker.internet.email();\nlet password = faker.internet.password();\nregisterPage.register(user, password);\ndashboardPage.logout.click();\ncy.visit('/minha-conta');\nregisterPage.register(user, password);\ndashboardPage.errormessage.should('contain', 'Erro: Uma conta já está registrada com seu endereço de e-mail.');",
              "err": {},
              "uuid": "076eb3aa-3011-4a3d-b649-3d1bab01f870",
              "parentUUID": "4ad5e70a-faa1-4de1-9c4f-ed67ce60bf84",
              "isHook": false,
              "skipped": false
            }
          ],
          "suites": [],
          "passes": [
            "2c0ff5bc-60da-4629-b736-f1f11f786675",
            "a9f8e35c-cab5-4285-90ab-2a82b9a90b71",
            "076eb3aa-3011-4a3d-b649-3d1bab01f870"
          ],
          "failures": [],
          "pending": [],
          "skipped": [],
          "duration": 23586,
          "root": false,
          "rootEmpty": false,
          "_timeout": 2000
        }
      ],
      "passes": [],
      "failures": [],
      "pending": [],
      "skipped": [],
      "duration": 0,
      "root": true,
      "rootEmpty": true,
      "_timeout": 2000
    }
  ],
  "meta": {
    "mocha": {
      "version": "7.0.1"
    },
    "mochawesome": {
      "options": {
        "quiet": false,
        "reportFilename": "mochawesome",
        "saveHtml": false,
        "saveJson": true,
        "consoleReporter": "spec",
        "useInlineDiffs": false,
        "code": true
      },
      "version": "7.1.3"
    },
    "marge": {
      "options": {
        "reportDir": "cypress/results",
        "overwrite": false,
        "html": false,
        "json": true
      },
      "version": "6.2.0"
    }
  }
}