{
  "stats": {
    "suites": 1,
    "tests": 3,
    "passes": 3,
    "pending": 0,
    "failures": 0,
    "start": "2023-11-11T01:00:27.996Z",
    "end": "2023-11-11T01:00:47.926Z",
    "duration": 19930,
    "testsRegistered": 3,
    "passPercent": 100,
    "pendingPercent": 0,
    "other": 0,
    "hasOther": false,
    "skipped": 0,
    "hasSkipped": false
  },
  "results": [
    {
      "uuid": "3daefd69-551f-4572-ae20-6b623f7979d1",
      "title": "",
      "fullFile": "cypress/e2e/shopping-cart.spec.cy.js",
      "file": "cypress/e2e/shopping-cart.spec.cy.js",
      "beforeHooks": [],
      "afterHooks": [],
      "tests": [],
      "suites": [
        {
          "uuid": "b7c015f0-b0e3-4a5a-992e-3d4df3e00a42",
          "title": "interceptando as respostas do carrinho de compras",
          "fullFile": "",
          "file": "",
          "beforeHooks": [],
          "afterHooks": [],
          "tests": [
            {
              "title": "deve adicionar item no carrinho",
              "fullTitle": "interceptando as respostas do carrinho de compras deve adicionar item no carrinho",
              "timedOut": null,
              "duration": 10984,
              "state": "passed",
              "speed": "slow",
              "pass": true,
              "fail": false,
              "pending": false,
              "context": null,
              "code": "cy.intercept({\n  url: '/product*',\n  method: 'POST'\n}, req => {\n  req.reply({\n    statusCode: 200,\n    body: htmlAddP\n  });\n}).as('carrinhoPost');\ncy.intercept({\n  method: 'GET',\n  url: '/carrinho*'\n}, req => {\n  if (req.headers.cookie.includes(\"woocommerce_items_in_cart=1\")) {\n    req.reply({\n      statusCode: 200,\n      body: htmlAddP\n    });\n  }\n}).as('fragmentsEdit');\ncy.AddProduto(produtos.tamanho, produtos.cor, produtos.quantidade, produtos.id, produtos.varid);\ncartPage.verCarrinho();\ncy.get('.woocommerce-message').should('contain', 'Beaumont Summit Kit');",
              "err": {},
              "uuid": "9f7f252b-6679-4cbe-bd9f-6414d93a1e58",
              "parentUUID": "b7c015f0-b0e3-4a5a-992e-3d4df3e00a42",
              "isHook": false,
              "skipped": false
            },
            {
              "title": "deve atualizar o item no carrinho",
              "fullTitle": "interceptando as respostas do carrinho de compras deve atualizar o item no carrinho",
              "timedOut": null,
              "duration": 4466,
              "state": "passed",
              "speed": "fast",
              "pass": true,
              "fail": false,
              "pending": false,
              "context": null,
              "code": "cy.AddProduto(produtos.tamanho, produtos.cor, produtos.quantidade, produtos.id, produtos.varid);\ncy.intercept({\n  url: '/carrinho*',\n  method: 'GET'\n}, req => {\n  req.reply({\n    statusCode: 200,\n    body: htmlEdit\n  });\n}).as('carrinhoGET');\ncy.intercept({\n  method: 'POST',\n  url: '/?wc-ajax=get_refreshed_fragments*'\n}, req => {\n  if (req.headers.cookie.includes(\"woocommerce_items_in_cart=1\")) {\n    req.reply({\n      statusCode: 200,\n      body: carrinho.edit\n    });\n  }\n}).as('fragmentsEdit');\ncartPage.addMaisUm();\ncartPage.Total.should('contain', '84,00');",
              "err": {},
              "uuid": "1536385d-b79d-49e7-a6e2-43e1a7ebbd0f",
              "parentUUID": "b7c015f0-b0e3-4a5a-992e-3d4df3e00a42",
              "isHook": false,
              "skipped": false
            },
            {
              "title": "deve deletar item do carrinho",
              "fullTitle": "interceptando as respostas do carrinho de compras deve deletar item do carrinho",
              "timedOut": null,
              "duration": 3831,
              "state": "passed",
              "speed": "fast",
              "pass": true,
              "fail": false,
              "pending": false,
              "context": null,
              "code": "cy.AddProduto(produtos.tamanho, produtos.cor, produtos.quantidade, produtos.id, produtos.varid);\ncy.intercept({\n  url: '/carrinho*',\n  method: 'GET'\n}, req => {\n  req.reply({\n    statusCode: 200,\n    body: htmlRemove\n  });\n}).as('carrinhoGET');\ncy.intercept({\n  method: 'POST',\n  url: '/?wc-ajax=get_refreshed_fragments*'\n}, req => {\n  if (req.headers.cookie.includes(\"woocommerce_items_in_cart=1\")) {\n    req.reply({\n      statusCode: 200,\n      body: carrinho.remover\n    });\n  }\n}).as('fragmentsEdit');\ncartPage.addMaisUm();\ncartPage.carrinhoVazio.should('contain', 'Seu carrinho está vazio');",
              "err": {},
              "uuid": "72026643-8440-4698-a24d-acefe1f9061c",
              "parentUUID": "b7c015f0-b0e3-4a5a-992e-3d4df3e00a42",
              "isHook": false,
              "skipped": false
            }
          ],
          "suites": [],
          "passes": [
            "9f7f252b-6679-4cbe-bd9f-6414d93a1e58",
            "1536385d-b79d-49e7-a6e2-43e1a7ebbd0f",
            "72026643-8440-4698-a24d-acefe1f9061c"
          ],
          "failures": [],
          "pending": [],
          "skipped": [],
          "duration": 19281,
          "root": false,
          "rootEmpty": false,
          "_timeout": 2000
        }
      ],
      "passes": [],
      "failures": [],
      "pending": [],
      "skipped": [],
      "duration": 0,
      "root": true,
      "rootEmpty": true,
      "_timeout": 2000
    }
  ],
  "meta": {
    "mocha": {
      "version": "7.0.1"
    },
    "mochawesome": {
      "options": {
        "quiet": false,
        "reportFilename": "mochawesome",
        "saveHtml": true,
        "saveJson": true,
        "consoleReporter": "spec",
        "useInlineDiffs": false,
        "code": true
      },
      "version": "7.1.3"
    },
    "marge": {
      "options": {
        "reportDir": "cypress/results",
        "overwrite": false,
        "html": true,
        "json": true
      },
      "version": "6.2.0"
    }
  }
}