{
  "stats": {
    "suites": 1,
    "tests": 3,
    "passes": 3,
    "pending": 0,
    "failures": 0,
    "start": "2023-10-26T21:22:33.670Z",
    "end": "2023-10-26T21:22:47.911Z",
    "duration": 14241,
    "testsRegistered": 3,
    "passPercent": 100,
    "pendingPercent": 0,
    "other": 0,
    "hasOther": false,
    "skipped": 0,
    "hasSkipped": false
  },
  "results": [
    {
      "uuid": "fc65a45e-d829-4e82-a9b6-eaf8cfeae180",
      "title": "",
      "fullFile": "cypress/e2e/shopping-cart.spec.cy.js",
      "file": "cypress/e2e/shopping-cart.spec.cy.js",
      "beforeHooks": [],
      "afterHooks": [],
      "tests": [],
      "suites": [
        {
          "uuid": "33fcd617-6b9a-44e7-a55f-dfea25a13589",
          "title": "interceptando as respostas do carrinho de compras",
          "fullFile": "",
          "file": "",
          "beforeHooks": [],
          "afterHooks": [],
          "tests": [
            {
              "title": "deve adicionar item no carrinho",
              "fullTitle": "interceptando as respostas do carrinho de compras deve adicionar item no carrinho",
              "timedOut": null,
              "duration": 7749,
              "state": "passed",
              "speed": "medium",
              "pass": true,
              "fail": false,
              "pending": false,
              "context": null,
              "code": "cy.intercept({\n  url: '/product*',\n  method: 'POST'\n}, req => {\n  req.reply({\n    statusCode: 200,\n    body: htmlAddP\n  });\n}).as('carrinhoPost');\ncy.intercept({\n  method: 'GET',\n  url: '/carrinho*'\n}, req => {\n  if (req.headers.cookie.includes(\"woocommerce_items_in_cart=1\")) {\n    req.reply({\n      statusCode: 200,\n      body: htmlAddP\n    });\n  }\n}).as('fragmentsEdit');\ncy.AddProduto(produtos.tamanho, produtos.cor, produtos.quantidade, produtos.id, produtos.varid);\ncartPage.verCarrinho();\ncy.get('.woocommerce-message').should('contain', 'Beaumont Summit Kit');",
              "err": {},
              "uuid": "300386a8-8272-4993-ae94-cc56d40cd0bb",
              "parentUUID": "33fcd617-6b9a-44e7-a55f-dfea25a13589",
              "isHook": false,
              "skipped": false
            },
            {
              "title": "deve atualizar o item no carrinho",
              "fullTitle": "interceptando as respostas do carrinho de compras deve atualizar o item no carrinho",
              "timedOut": null,
              "duration": 3320,
              "state": "passed",
              "speed": "fast",
              "pass": true,
              "fail": false,
              "pending": false,
              "context": null,
              "code": "cy.AddProduto(produtos.tamanho, produtos.cor, produtos.quantidade, produtos.id, produtos.varid);\ncy.intercept({\n  url: '/carrinho*',\n  method: 'GET'\n}, req => {\n  req.reply({\n    statusCode: 200,\n    body: htmlEdit\n  });\n}).as('carrinhoGET');\ncy.intercept({\n  method: 'POST',\n  url: '/?wc-ajax=get_refreshed_fragments*'\n}, req => {\n  if (req.headers.cookie.includes(\"woocommerce_items_in_cart=1\")) {\n    req.reply({\n      statusCode: 200,\n      body: carrinho.edit\n    });\n  }\n}).as('fragmentsEdit');\ncartPage.addMaisUm();\ncartPage.Total.should('contain', '84,00');",
              "err": {},
              "uuid": "e53afda8-7e23-4360-acbd-d8b7740e4ab2",
              "parentUUID": "33fcd617-6b9a-44e7-a55f-dfea25a13589",
              "isHook": false,
              "skipped": false
            },
            {
              "title": "deve deletar item do carrinho",
              "fullTitle": "interceptando as respostas do carrinho de compras deve deletar item do carrinho",
              "timedOut": null,
              "duration": 2760,
              "state": "passed",
              "speed": "fast",
              "pass": true,
              "fail": false,
              "pending": false,
              "context": null,
              "code": "cy.AddProduto(produtos.tamanho, produtos.cor, produtos.quantidade, produtos.id, produtos.varid);\ncy.intercept({\n  url: '/carrinho*',\n  method: 'GET'\n}, req => {\n  req.reply({\n    statusCode: 200,\n    body: htmlRemove\n  });\n}).as('carrinhoGET');\ncy.intercept({\n  method: 'POST',\n  url: '/?wc-ajax=get_refreshed_fragments*'\n}, req => {\n  if (req.headers.cookie.includes(\"woocommerce_items_in_cart=1\")) {\n    req.reply({\n      statusCode: 200,\n      body: carrinho.remover\n    });\n  }\n}).as('fragmentsEdit');\ncartPage.addMaisUm();\ncartPage.carrinhoVazio.should('contain', 'Seu carrinho está vazio');",
              "err": {},
              "uuid": "d6910d97-39a0-45c6-8ab8-811076ff8502",
              "parentUUID": "33fcd617-6b9a-44e7-a55f-dfea25a13589",
              "isHook": false,
              "skipped": false
            }
          ],
          "suites": [],
          "passes": [
            "300386a8-8272-4993-ae94-cc56d40cd0bb",
            "e53afda8-7e23-4360-acbd-d8b7740e4ab2",
            "d6910d97-39a0-45c6-8ab8-811076ff8502"
          ],
          "failures": [],
          "pending": [],
          "skipped": [],
          "duration": 13829,
          "root": false,
          "rootEmpty": false,
          "_timeout": 2000
        }
      ],
      "passes": [],
      "failures": [],
      "pending": [],
      "skipped": [],
      "duration": 0,
      "root": true,
      "rootEmpty": true,
      "_timeout": 2000
    }
  ],
  "meta": {
    "mocha": {
      "version": "7.0.1"
    },
    "mochawesome": {
      "options": {
        "quiet": false,
        "reportFilename": "mochawesome",
        "saveHtml": false,
        "saveJson": true,
        "consoleReporter": "spec",
        "useInlineDiffs": false,
        "code": true
      },
      "version": "7.1.3"
    },
    "marge": {
      "options": {
        "reportDir": "cypress/results",
        "overwrite": false,
        "html": false,
        "json": true
      },
      "version": "6.2.0"
    }
  }
}