{
  "stats": {
    "suites": 3,
    "tests": 7,
    "passes": 7,
    "pending": 0,
    "failures": 0,
    "testsRegistered": 7,
    "passPercent": 100,
    "pendingPercent": 0,
    "other": 0,
    "hasOther": false,
    "skipped": 0,
    "hasSkipped": false,
    "start": "2023-10-26T21:21:33.260Z",
    "end": "2023-10-26T21:22:47.911Z",
    "duration": 74651
  },
  "results": [
    {
      "uuid": "f592831d-6e73-4076-899a-678ca83c85ef",
      "title": "",
      "fullFile": "cypress/e2e/checkout.spec.cy.js",
      "file": "cypress/e2e/checkout.spec.cy.js",
      "beforeHooks": [],
      "afterHooks": [],
      "tests": [],
      "suites": [
        {
          "uuid": "8460137f-140b-4b72-816e-bc80751e43f7",
          "title": "fluxo de checkout",
          "fullFile": "",
          "file": "",
          "beforeHooks": [],
          "afterHooks": [],
          "tests": [
            {
              "title": "deve adicionar produtos no carrinho e finalizar uma compra",
              "fullTitle": "fluxo de checkout deve adicionar produtos no carrinho e finalizar uma compra",
              "timedOut": null,
              "duration": 20626,
              "state": "passed",
              "speed": "slow",
              "pass": true,
              "fail": false,
              "pending": false,
              "context": null,
              "code": "cy.AddProduto(produtos.tamanho, produtos.cor, produtos.quantidade, produtos.id, produtos.varid);\ncy.get('.dropdown-toggle > .mini-cart-items', {\n  timeout: 1000000\n}).should('contain', 2);\ncy.cadastroFaturamentoCheckout(dados[1].cep, dados[1].telefone);\ncy.get('.woocommerce-notice').should('contain', 'Obrigado. Seu pedido foi recebido.');",
              "err": {},
              "uuid": "f28b2613-d9a2-43fd-a8bc-d5cce090ec59",
              "parentUUID": "8460137f-140b-4b72-816e-bc80751e43f7",
              "isHook": false,
              "skipped": false
            }
          ],
          "suites": [],
          "passes": [
            "f28b2613-d9a2-43fd-a8bc-d5cce090ec59"
          ],
          "failures": [],
          "pending": [],
          "skipped": [],
          "duration": 20626,
          "root": false,
          "rootEmpty": false,
          "_timeout": 2000
        }
      ],
      "passes": [],
      "failures": [],
      "pending": [],
      "skipped": [],
      "duration": 0,
      "root": true,
      "rootEmpty": true,
      "_timeout": 2000
    },
    {
      "uuid": "aa5df2b5-621b-47cc-bae8-d1db69382506",
      "title": "",
      "fullFile": "cypress/e2e/criacao-de-conta.spec.cy.js",
      "file": "cypress/e2e/criacao-de-conta.spec.cy.js",
      "beforeHooks": [],
      "afterHooks": [],
      "tests": [],
      "suites": [
        {
          "uuid": "4ad5e70a-faa1-4de1-9c4f-ed67ce60bf84",
          "title": "fluxo de criacao de conta",
          "fullFile": "",
          "file": "",
          "beforeHooks": [],
          "afterHooks": [],
          "tests": [
            {
              "title": "deve registrar uma conta com sucesso",
              "fullTitle": "fluxo de criacao de conta deve registrar uma conta com sucesso",
              "timedOut": null,
              "duration": 7724,
              "state": "passed",
              "speed": "medium",
              "pass": true,
              "fail": false,
              "pending": false,
              "context": null,
              "code": "registerPage.register(faker.internet.email(), faker.internet.password());\ndashboardPage.message.should('contain', 'Welcome');",
              "err": {},
              "uuid": "2c0ff5bc-60da-4629-b736-f1f11f786675",
              "parentUUID": "4ad5e70a-faa1-4de1-9c4f-ed67ce60bf84",
              "isHook": false,
              "skipped": false
            },
            {
              "title": "deve validar mensagem de email invalido",
              "fullTitle": "fluxo de criacao de conta deve validar mensagem de email invalido",
              "timedOut": null,
              "duration": 4272,
              "state": "passed",
              "speed": "fast",
              "pass": true,
              "fail": false,
              "pending": false,
              "context": null,
              "code": "registerPage.register(dados[0].user, faker.internet.password());\ndashboardPage.errormessage.should('contain', 'Erro: Informe um endereço de e-mail válido.');",
              "err": {},
              "uuid": "a9f8e35c-cab5-4285-90ab-2a82b9a90b71",
              "parentUUID": "4ad5e70a-faa1-4de1-9c4f-ed67ce60bf84",
              "isHook": false,
              "skipped": false
            },
            {
              "title": "deve validar mensagem de email ja em uso",
              "fullTitle": "fluxo de criacao de conta deve validar mensagem de email ja em uso",
              "timedOut": null,
              "duration": 11590,
              "state": "passed",
              "speed": "slow",
              "pass": true,
              "fail": false,
              "pending": false,
              "context": null,
              "code": "let user = faker.internet.email();\nlet password = faker.internet.password();\nregisterPage.register(user, password);\ndashboardPage.logout.click();\ncy.visit('/minha-conta');\nregisterPage.register(user, password);\ndashboardPage.errormessage.should('contain', 'Erro: Uma conta já está registrada com seu endereço de e-mail.');",
              "err": {},
              "uuid": "076eb3aa-3011-4a3d-b649-3d1bab01f870",
              "parentUUID": "4ad5e70a-faa1-4de1-9c4f-ed67ce60bf84",
              "isHook": false,
              "skipped": false
            }
          ],
          "suites": [],
          "passes": [
            "2c0ff5bc-60da-4629-b736-f1f11f786675",
            "a9f8e35c-cab5-4285-90ab-2a82b9a90b71",
            "076eb3aa-3011-4a3d-b649-3d1bab01f870"
          ],
          "failures": [],
          "pending": [],
          "skipped": [],
          "duration": 23586,
          "root": false,
          "rootEmpty": false,
          "_timeout": 2000
        }
      ],
      "passes": [],
      "failures": [],
      "pending": [],
      "skipped": [],
      "duration": 0,
      "root": true,
      "rootEmpty": true,
      "_timeout": 2000
    },
    {
      "uuid": "fc65a45e-d829-4e82-a9b6-eaf8cfeae180",
      "title": "",
      "fullFile": "cypress/e2e/shopping-cart.spec.cy.js",
      "file": "cypress/e2e/shopping-cart.spec.cy.js",
      "beforeHooks": [],
      "afterHooks": [],
      "tests": [],
      "suites": [
        {
          "uuid": "33fcd617-6b9a-44e7-a55f-dfea25a13589",
          "title": "interceptando as respostas do carrinho de compras",
          "fullFile": "",
          "file": "",
          "beforeHooks": [],
          "afterHooks": [],
          "tests": [
            {
              "title": "deve adicionar item no carrinho",
              "fullTitle": "interceptando as respostas do carrinho de compras deve adicionar item no carrinho",
              "timedOut": null,
              "duration": 7749,
              "state": "passed",
              "speed": "medium",
              "pass": true,
              "fail": false,
              "pending": false,
              "context": null,
              "code": "cy.intercept({\n  url: '/product*',\n  method: 'POST'\n}, req => {\n  req.reply({\n    statusCode: 200,\n    body: htmlAddP\n  });\n}).as('carrinhoPost');\ncy.intercept({\n  method: 'GET',\n  url: '/carrinho*'\n}, req => {\n  if (req.headers.cookie.includes(\"woocommerce_items_in_cart=1\")) {\n    req.reply({\n      statusCode: 200,\n      body: htmlAddP\n    });\n  }\n}).as('fragmentsEdit');\ncy.AddProduto(produtos.tamanho, produtos.cor, produtos.quantidade, produtos.id, produtos.varid);\ncartPage.verCarrinho();\ncy.get('.woocommerce-message').should('contain', 'Beaumont Summit Kit');",
              "err": {},
              "uuid": "300386a8-8272-4993-ae94-cc56d40cd0bb",
              "parentUUID": "33fcd617-6b9a-44e7-a55f-dfea25a13589",
              "isHook": false,
              "skipped": false
            },
            {
              "title": "deve atualizar o item no carrinho",
              "fullTitle": "interceptando as respostas do carrinho de compras deve atualizar o item no carrinho",
              "timedOut": null,
              "duration": 3320,
              "state": "passed",
              "speed": "fast",
              "pass": true,
              "fail": false,
              "pending": false,
              "context": null,
              "code": "cy.AddProduto(produtos.tamanho, produtos.cor, produtos.quantidade, produtos.id, produtos.varid);\ncy.intercept({\n  url: '/carrinho*',\n  method: 'GET'\n}, req => {\n  req.reply({\n    statusCode: 200,\n    body: htmlEdit\n  });\n}).as('carrinhoGET');\ncy.intercept({\n  method: 'POST',\n  url: '/?wc-ajax=get_refreshed_fragments*'\n}, req => {\n  if (req.headers.cookie.includes(\"woocommerce_items_in_cart=1\")) {\n    req.reply({\n      statusCode: 200,\n      body: carrinho.edit\n    });\n  }\n}).as('fragmentsEdit');\ncartPage.addMaisUm();\ncartPage.Total.should('contain', '84,00');",
              "err": {},
              "uuid": "e53afda8-7e23-4360-acbd-d8b7740e4ab2",
              "parentUUID": "33fcd617-6b9a-44e7-a55f-dfea25a13589",
              "isHook": false,
              "skipped": false
            },
            {
              "title": "deve deletar item do carrinho",
              "fullTitle": "interceptando as respostas do carrinho de compras deve deletar item do carrinho",
              "timedOut": null,
              "duration": 2760,
              "state": "passed",
              "speed": "fast",
              "pass": true,
              "fail": false,
              "pending": false,
              "context": null,
              "code": "cy.AddProduto(produtos.tamanho, produtos.cor, produtos.quantidade, produtos.id, produtos.varid);\ncy.intercept({\n  url: '/carrinho*',\n  method: 'GET'\n}, req => {\n  req.reply({\n    statusCode: 200,\n    body: htmlRemove\n  });\n}).as('carrinhoGET');\ncy.intercept({\n  method: 'POST',\n  url: '/?wc-ajax=get_refreshed_fragments*'\n}, req => {\n  if (req.headers.cookie.includes(\"woocommerce_items_in_cart=1\")) {\n    req.reply({\n      statusCode: 200,\n      body: carrinho.remover\n    });\n  }\n}).as('fragmentsEdit');\ncartPage.addMaisUm();\ncartPage.carrinhoVazio.should('contain', 'Seu carrinho está vazio');",
              "err": {},
              "uuid": "d6910d97-39a0-45c6-8ab8-811076ff8502",
              "parentUUID": "33fcd617-6b9a-44e7-a55f-dfea25a13589",
              "isHook": false,
              "skipped": false
            }
          ],
          "suites": [],
          "passes": [
            "300386a8-8272-4993-ae94-cc56d40cd0bb",
            "e53afda8-7e23-4360-acbd-d8b7740e4ab2",
            "d6910d97-39a0-45c6-8ab8-811076ff8502"
          ],
          "failures": [],
          "pending": [],
          "skipped": [],
          "duration": 13829,
          "root": false,
          "rootEmpty": false,
          "_timeout": 2000
        }
      ],
      "passes": [],
      "failures": [],
      "pending": [],
      "skipped": [],
      "duration": 0,
      "root": true,
      "rootEmpty": true,
      "_timeout": 2000
    }
  ],
  "meta": {
    "mocha": {
      "version": "7.0.1"
    },
    "mochawesome": {
      "options": {
        "quiet": false,
        "reportFilename": "mochawesome",
        "saveHtml": false,
        "saveJson": true,
        "consoleReporter": "spec",
        "useInlineDiffs": false,
        "code": true
      },
      "version": "7.1.3"
    },
    "marge": {
      "options": {
        "reportDir": "cypress/results",
        "overwrite": false,
        "html": false,
        "json": true
      },
      "version": "6.2.0"
    }
  }
}