{
  "stats": {
    "suites": 3,
    "tests": 7,
    "passes": 7,
    "pending": 0,
    "failures": 0,
    "testsRegistered": 7,
    "passPercent": 100,
    "pendingPercent": 0,
    "other": 0,
    "hasOther": false,
    "skipped": 0,
    "hasSkipped": false,
    "start": "2023-10-26T20:30:11.578Z",
    "end": "2023-10-26T20:31:27.140Z",
    "duration": 75562
  },
  "results": [
    {
      "uuid": "c106dd56-f62f-4dc9-805d-c0d027808870",
      "title": "",
      "fullFile": "cypress/e2e/checkout.spec.cy.js",
      "file": "cypress/e2e/checkout.spec.cy.js",
      "beforeHooks": [],
      "afterHooks": [],
      "tests": [],
      "suites": [
        {
          "uuid": "a6c6bfe4-357b-4ed0-bcc4-afe74bd00403",
          "title": "fluxo de checkout",
          "fullFile": "",
          "file": "",
          "beforeHooks": [],
          "afterHooks": [],
          "tests": [
            {
              "title": "deve adicionar produtos no carrinho e finalizar uma compra",
              "fullTitle": "fluxo de checkout deve adicionar produtos no carrinho e finalizar uma compra",
              "timedOut": null,
              "duration": 20712,
              "state": "passed",
              "speed": "slow",
              "pass": true,
              "fail": false,
              "pending": false,
              "context": null,
              "code": "cy.AddProduto(produtos.tamanho, produtos.cor, produtos.quantidade, produtos.id, produtos.varid);\ncy.get('.dropdown-toggle > .mini-cart-items', {\n  timeout: 1000000\n}).should('contain', 2);\ncy.cadastroFaturamentoCheckout(dados[1].cep, dados[1].telefone);\ncy.get('.woocommerce-notice').should('contain', 'Obrigado. Seu pedido foi recebido.');",
              "err": {},
              "uuid": "b638a62f-8eee-43ba-8e54-06e88bbc8e2a",
              "parentUUID": "a6c6bfe4-357b-4ed0-bcc4-afe74bd00403",
              "isHook": false,
              "skipped": false
            }
          ],
          "suites": [],
          "passes": [
            "b638a62f-8eee-43ba-8e54-06e88bbc8e2a"
          ],
          "failures": [],
          "pending": [],
          "skipped": [],
          "duration": 20712,
          "root": false,
          "rootEmpty": false,
          "_timeout": 2000
        }
      ],
      "passes": [],
      "failures": [],
      "pending": [],
      "skipped": [],
      "duration": 0,
      "root": true,
      "rootEmpty": true,
      "_timeout": 2000
    },
    {
      "uuid": "33e9208c-4b88-4359-a2a6-5a294a5328db",
      "title": "",
      "fullFile": "cypress/e2e/criacao-de-conta.spec.cy.js",
      "file": "cypress/e2e/criacao-de-conta.spec.cy.js",
      "beforeHooks": [],
      "afterHooks": [],
      "tests": [],
      "suites": [
        {
          "uuid": "e162528e-511e-4650-adb8-e94a00ed1885",
          "title": "fluxo de criacao de conta",
          "fullFile": "",
          "file": "",
          "beforeHooks": [],
          "afterHooks": [],
          "tests": [
            {
              "title": "deve registrar uma conta com sucesso",
              "fullTitle": "fluxo de criacao de conta deve registrar uma conta com sucesso",
              "timedOut": null,
              "duration": 7743,
              "state": "passed",
              "speed": "medium",
              "pass": true,
              "fail": false,
              "pending": false,
              "context": null,
              "code": "registerPage.register(faker.internet.email(), faker.internet.password());\ndashboardPage.message.should('contain', 'Welcome');",
              "err": {},
              "uuid": "98ed9f5e-4a2f-471e-aa7d-6a9dc253c6f6",
              "parentUUID": "e162528e-511e-4650-adb8-e94a00ed1885",
              "isHook": false,
              "skipped": false
            },
            {
              "title": "deve validar mensagem de email invalido",
              "fullTitle": "fluxo de criacao de conta deve validar mensagem de email invalido",
              "timedOut": null,
              "duration": 3535,
              "state": "passed",
              "speed": "fast",
              "pass": true,
              "fail": false,
              "pending": false,
              "context": null,
              "code": "registerPage.register(dados[0].user, faker.internet.password());\ndashboardPage.errormessage.should('contain', 'Erro: Informe um endereço de e-mail válido.');",
              "err": {},
              "uuid": "4e1a4785-9272-4bbb-a6d3-21210a6cc8bf",
              "parentUUID": "e162528e-511e-4650-adb8-e94a00ed1885",
              "isHook": false,
              "skipped": false
            },
            {
              "title": "deve validar mensagem de email ja em uso",
              "fullTitle": "fluxo de criacao de conta deve validar mensagem de email ja em uso",
              "timedOut": null,
              "duration": 11699,
              "state": "passed",
              "speed": "slow",
              "pass": true,
              "fail": false,
              "pending": false,
              "context": null,
              "code": "let user = faker.internet.email();\nlet password = faker.internet.password();\nregisterPage.register(user, password);\ndashboardPage.logout.click();\ncy.visit('/minha-conta');\nregisterPage.register(user, password);\ndashboardPage.errormessage.should('contain', 'Erro: Uma conta já está registrada com seu endereço de e-mail.');",
              "err": {},
              "uuid": "411e8b1f-6961-46fa-a316-95d2c76ed951",
              "parentUUID": "e162528e-511e-4650-adb8-e94a00ed1885",
              "isHook": false,
              "skipped": false
            }
          ],
          "suites": [],
          "passes": [
            "98ed9f5e-4a2f-471e-aa7d-6a9dc253c6f6",
            "4e1a4785-9272-4bbb-a6d3-21210a6cc8bf",
            "411e8b1f-6961-46fa-a316-95d2c76ed951"
          ],
          "failures": [],
          "pending": [],
          "skipped": [],
          "duration": 22977,
          "root": false,
          "rootEmpty": false,
          "_timeout": 2000
        }
      ],
      "passes": [],
      "failures": [],
      "pending": [],
      "skipped": [],
      "duration": 0,
      "root": true,
      "rootEmpty": true,
      "_timeout": 2000
    },
    {
      "uuid": "048ed952-b48c-4329-a0a8-cdf211a2555f",
      "title": "",
      "fullFile": "cypress/e2e/shopping-cart.spec.cy.js",
      "file": "cypress/e2e/shopping-cart.spec.cy.js",
      "beforeHooks": [],
      "afterHooks": [],
      "tests": [],
      "suites": [
        {
          "uuid": "dfdf4a56-95e3-4ceb-a492-612d39639055",
          "title": "interceptando as respostas do carrinho de compras",
          "fullFile": "",
          "file": "",
          "beforeHooks": [],
          "afterHooks": [],
          "tests": [
            {
              "title": "deve adicionar item no carrinho",
              "fullTitle": "interceptando as respostas do carrinho de compras deve adicionar item no carrinho",
              "timedOut": null,
              "duration": 7710,
              "state": "passed",
              "speed": "medium",
              "pass": true,
              "fail": false,
              "pending": false,
              "context": null,
              "code": "cy.intercept({\n  url: '/product*',\n  method: 'POST'\n}, req => {\n  req.reply({\n    statusCode: 200,\n    body: htmlAddP\n  });\n}).as('carrinhoPost');\ncy.intercept({\n  method: 'GET',\n  url: '/carrinho*'\n}, req => {\n  if (req.headers.cookie.includes(\"woocommerce_items_in_cart=1\")) {\n    req.reply({\n      statusCode: 200,\n      body: htmlAddP\n    });\n  }\n}).as('fragmentsEdit');\ncy.AddProduto(produtos.tamanho, produtos.cor, produtos.quantidade, produtos.id, produtos.varid);\ncartPage.verCarrinho();\ncy.get('.woocommerce-message').should('contain', 'Beaumont Summit Kit');",
              "err": {},
              "uuid": "b7b0f64f-57e6-4799-87ca-34ec6bc1f6b2",
              "parentUUID": "dfdf4a56-95e3-4ceb-a492-612d39639055",
              "isHook": false,
              "skipped": false
            },
            {
              "title": "deve atualizar o item no carrinho",
              "fullTitle": "interceptando as respostas do carrinho de compras deve atualizar o item no carrinho",
              "timedOut": null,
              "duration": 3415,
              "state": "passed",
              "speed": "fast",
              "pass": true,
              "fail": false,
              "pending": false,
              "context": null,
              "code": "cy.AddProduto(produtos.tamanho, produtos.cor, produtos.quantidade, produtos.id, produtos.varid);\ncy.intercept({\n  url: '/carrinho*',\n  method: 'GET'\n}, req => {\n  req.reply({\n    statusCode: 200,\n    body: htmlEdit\n  });\n}).as('carrinhoGET');\ncy.intercept({\n  method: 'POST',\n  url: '/?wc-ajax=get_refreshed_fragments*'\n}, req => {\n  if (req.headers.cookie.includes(\"woocommerce_items_in_cart=1\")) {\n    req.reply({\n      statusCode: 200,\n      body: carrinho.edit\n    });\n  }\n}).as('fragmentsEdit');\ncartPage.addMaisUm();\ncartPage.Total.should('contain', '84,00');",
              "err": {},
              "uuid": "063d4330-ac48-47c8-a815-7cc60b084108",
              "parentUUID": "dfdf4a56-95e3-4ceb-a492-612d39639055",
              "isHook": false,
              "skipped": false
            },
            {
              "title": "deve deletar item do carrinho",
              "fullTitle": "interceptando as respostas do carrinho de compras deve deletar item do carrinho",
              "timedOut": null,
              "duration": 3166,
              "state": "passed",
              "speed": "fast",
              "pass": true,
              "fail": false,
              "pending": false,
              "context": null,
              "code": "cy.AddProduto(produtos.tamanho, produtos.cor, produtos.quantidade, produtos.id, produtos.varid);\ncy.intercept({\n  url: '/carrinho*',\n  method: 'GET'\n}, req => {\n  req.reply({\n    statusCode: 200,\n    body: htmlRemove\n  });\n}).as('carrinhoGET');\ncy.intercept({\n  method: 'POST',\n  url: '/?wc-ajax=get_refreshed_fragments*'\n}, req => {\n  if (req.headers.cookie.includes(\"woocommerce_items_in_cart=1\")) {\n    req.reply({\n      statusCode: 200,\n      body: carrinho.remover\n    });\n  }\n}).as('fragmentsEdit');\ncartPage.addMaisUm();\ncartPage.carrinhoVazio.should('contain', 'Seu carrinho está vazio');",
              "err": {},
              "uuid": "e4b7890d-c16f-4152-bf55-9b75dc74898b",
              "parentUUID": "dfdf4a56-95e3-4ceb-a492-612d39639055",
              "isHook": false,
              "skipped": false
            }
          ],
          "suites": [],
          "passes": [
            "b7b0f64f-57e6-4799-87ca-34ec6bc1f6b2",
            "063d4330-ac48-47c8-a815-7cc60b084108",
            "e4b7890d-c16f-4152-bf55-9b75dc74898b"
          ],
          "failures": [],
          "pending": [],
          "skipped": [],
          "duration": 14291,
          "root": false,
          "rootEmpty": false,
          "_timeout": 2000
        }
      ],
      "passes": [],
      "failures": [],
      "pending": [],
      "skipped": [],
      "duration": 0,
      "root": true,
      "rootEmpty": true,
      "_timeout": 2000
    }
  ],
  "meta": {
    "mocha": {
      "version": "7.0.1"
    },
    "mochawesome": {
      "options": {
        "quiet": false,
        "reportFilename": "mochawesome",
        "saveHtml": false,
        "saveJson": true,
        "consoleReporter": "spec",
        "useInlineDiffs": false,
        "code": true
      },
      "version": "7.1.3"
    },
    "marge": {
      "options": {
        "reportDir": "cypress/results",
        "overwrite": false,
        "html": false,
        "json": true
      },
      "version": "6.2.0"
    }
  }
}